<?xml version="1.0" encoding="UTF-8"?>
<!-- Generated by org.testng.reporters.JUnitReportReporter -->
<testsuite hostname="DESKTOP-JNHK7VF" failures="0" tests="3" name="runner.ProfileRunner" time="0.579" errors="0" timestamp="2024-03-14T13:30:39 IST" skipped="0">
  <testcase classname="runner.ProfileRunner" name="runScenario" time="0.397"/>
  <system-out/>
  <testcase classname="runner.ProfileRunner" name="runScenario" time="0.105"/>
  <system-out/>
  <testcase classname="runner.ProfileRunner" name="runScenario" time="0.077"/>
  <system-out/>
</testsuite> <!-- runner.ProfileRunner -->
