<?xml version="1.0" encoding="UTF-8"?>
<!-- Generated by org.testng.reporters.JUnitReportReporter -->
<testsuite hostname="DESKTOP-JNHK7VF" failures="0" tests="1" name="runner.RegistrationRunner" time="0.345" errors="0" timestamp="2024-03-08T01:00:33 IST" skipped="0">
  <testcase classname="runner.RegistrationRunner" name="runScenario" time="0.345"/>
  <system-out/>
</testsuite> <!-- runner.RegistrationRunner -->
