<?xml version="1.0" encoding="UTF-8"?>
<!-- Generated by org.testng.reporters.JUnitReportReporter -->
<testsuite hostname="DESKTOP-JNHK7VF" failures="0" tests="1" name="runner.LogInWithDataRunner" time="0.418" errors="0" timestamp="2024-03-07T21:27:01 IST" skipped="0">
  <testcase classname="runner.LogInWithDataRunner" name="runScenario" time="0.418"/>
  <system-out/>
</testsuite> <!-- runner.LogInWithDataRunner -->
