<?xml version="1.0" encoding="UTF-8"?>
<!-- Generated by org.testng.reporters.JUnitReportReporter -->
<testsuite hostname="DESKTOP-JNHK7VF" failures="0" tests="3" name="runner.OrdersRunner" time="0.411" errors="0" timestamp="2024-03-07T22:07:28 IST" skipped="0">
  <testcase classname="runner.OrdersRunner" name="runScenario" time="0.303"/>
  <system-out/>
  <testcase classname="runner.OrdersRunner" name="runScenario" time="0.055"/>
  <system-out/>
  <testcase classname="runner.OrdersRunner" name="runScenario" time="0.053"/>
  <system-out/>
</testsuite> <!-- runner.OrdersRunner -->
