<?xml version="1.0" encoding="UTF-8"?>
<!-- Generated by org.testng.reporters.JUnitReportReporter -->
<testsuite hostname="DESKTOP-JNHK7VF" failures="0" tests="3" name="uifeaturesstep.AmazonRunner" time="221.946" errors="0" timestamp="2024-03-14T22:30:26 IST" skipped="0">
  <testcase classname="uifeaturesstep.AmazonRunner" name="runScenario" time="105.948"/>
  <system-out/>
  <testcase classname="uifeaturesstep.AmazonRunner" name="runScenario" time="38.128"/>
  <system-out/>
  <testcase classname="uifeaturesstep.AmazonRunner" name="runScenario" time="77.870"/>
  <system-out/>
</testsuite> <!-- uifeaturesstep.AmazonRunner -->
