<?xml version="1.0" encoding="UTF-8"?>
<!-- Generated by org.testng.reporters.JUnitReportReporter -->
<testsuite hostname="DESKTOP-JNHK7VF" failures="0" tests="2" name="runner.LoginRunner" time="0.308" errors="0" timestamp="2024-03-07T21:09:11 IST" skipped="0">
  <testcase classname="runner.LoginRunner" name="runScenario" time="0.010"/>
  <system-out/>
  <testcase classname="runner.LoginRunner" name="runScenario" time="0.298"/>
  <system-out/>
</testsuite> <!-- runner.LoginRunner -->
